2025-06-16 18:37:55 +08:00: (node:17836) [MONGODB DRIVER] Warning: useNewUrlParser is a deprecated option: useNewUrlParser has no effect since Node.js Driver version 4.0.0 and will be removed in the next major version
2025-06-16 18:37:55 +08:00: (Use `node --trace-warnings ...` to show where the warning was created)
2025-06-16 18:37:55 +08:00: (node:17836) [MONGODB DRIVER] Warning: useUnifiedTopology is a deprecated option: useUnifiedTopology has no effect since Node.js Driver version 4.0.0 and will be removed in the next major version
2025-06-16 18:37:55 +08:00: Server running in production mode on port 5000
2025-06-16 18:37:55 +08:00: MongoDB Connected: localhost
2025-06-16 18:41:25 +08:00: (node:18426) [MONGODB DRIVER] Warning: useNewUrlParser is a deprecated option: useNewUrlParser has no effect since Node.js Driver version 4.0.0 and will be removed in the next major version
2025-06-16 18:41:25 +08:00: (Use `node --trace-warnings ...` to show where the warning was created)
2025-06-16 18:41:25 +08:00: (node:18426) [MONGODB DRIVER] Warning: useUnifiedTopology is a deprecated option: useUnifiedTopology has no effect since Node.js Driver version 4.0.0 and will be removed in the next major version
2025-06-16 18:41:25 +08:00: Server running in production mode
2025-06-16 18:41:25 +08:00: Server URL: http://0.0.0.0:5000
2025-06-16 18:41:25 +08:00: External URL: http://121.41.25.186:5000
2025-06-16 18:41:25 +08:00: MongoDB Connected: localhost
2025-06-16 20:51:32 +08:00: 删除主题 68501323689aa3f2c4225a89 的 0 个访谈
2025-06-16 20:51:33 +08:00: 主题 68501323689aa3f2c4225a89 及其相关数据删除完成
2025-06-17 15:10:07 +08:00: (node:38111) [MONGODB DRIVER] Warning: useNewUrlParser is a deprecated option: useNewUrlParser has no effect since Node.js Driver version 4.0.0 and will be removed in the next major version
2025-06-17 15:10:07 +08:00: (Use `node --trace-warnings ...` to show where the warning was created)
2025-06-17 15:10:07 +08:00: (node:38111) [MONGODB DRIVER] Warning: useUnifiedTopology is a deprecated option: useUnifiedTopology has no effect since Node.js Driver version 4.0.0 and will be removed in the next major version
2025-06-17 15:10:07 +08:00: Server running in production mode
2025-06-17 15:10:07 +08:00: Server URL: http://0.0.0.0:5000
2025-06-17 15:10:07 +08:00: External URL: http://121.41.25.186:5000
2025-06-17 15:10:07 +08:00: MongoDB Connected: localhost
2025-06-17 15:11:07 +08:00: (node:38201) [MONGODB DRIVER] Warning: useNewUrlParser is a deprecated option: useNewUrlParser has no effect since Node.js Driver version 4.0.0 and will be removed in the next major version
2025-06-17 15:11:07 +08:00: (Use `node --trace-warnings ...` to show where the warning was created)
2025-06-17 15:11:07 +08:00: (node:38201) [MONGODB DRIVER] Warning: useUnifiedTopology is a deprecated option: useUnifiedTopology has no effect since Node.js Driver version 4.0.0 and will be removed in the next major version
2025-06-17 15:11:07 +08:00: Server running in production mode
2025-06-17 15:11:07 +08:00: Server URL: http://0.0.0.0:5000
2025-06-17 15:11:07 +08:00: External URL: http://121.41.25.186:5000
2025-06-17 15:11:07 +08:00: MongoDB Connected: localhost
2025-06-17 15:12:55 +08:00: 开始创建访谈，同步生成背景问题...
2025-06-17 15:12:55 +08:00: 背景问题生成成功: 您在服务器部署和测试方面有哪些相关的经验和挑战？
2025-06-17 15:12:55 +08:00: 访谈创建完成，ID: new ObjectId('68511577580b7c9d16cb64a5')
2025-06-17 15:13:02 +08:00: 评分指标生成成功: [
2025-06-17 15:13:02 +08:00:   '服务器部署过程是否顺利',
2025-06-17 15:13:02 +08:00:   '新服务器上的应用程序能否正常启动',
2025-06-17 15:13:02 +08:00:   '测试用例覆盖的关键功能是否全部通过',
2025-06-17 15:13:02 +08:00:   '性能测试结果是否达到预期标准',
2025-06-17 15:13:02 +08:00:   '是否发现并解决潜在的技术问题',
2025-06-17 15:13:02 +08:00:   '日志记录是否完整且清晰',
2025-06-17 15:13:02 +08:00:   '部署文档是否详细且易于理解',
2025-06-17 15:13:02 +08:00:   '团队协作与沟通是否高效',
2025-06-17 15:13:02 +08:00:   '异常情况的处理是否及时有效',
2025-06-17 15:13:02 +08:00:   '整体测试时间是否在计划范围内'
2025-06-17 15:13:02 +08:00: ]
2025-06-17 15:13:15 +08:00: 开始生成总结，访谈ID: 68511577580b7c9d16cb64a5
2025-06-17 15:13:15 +08:00: 访谈记录获取成功，主题: 测试标题
2025-06-17 15:13:15 +08:00: 评分指标: [
2025-06-17 15:13:15 +08:00:   '服务器部署过程是否顺利',
2025-06-17 15:13:15 +08:00:   '新服务器上的应用程序能否正常启动',
2025-06-17 15:13:15 +08:00:   '测试用例覆盖的关键功能是否全部通过',
2025-06-17 15:13:15 +08:00:   '性能测试结果是否达到预期标准',
2025-06-17 15:13:15 +08:00:   '是否发现并解决潜在的技术问题',
2025-06-17 15:13:15 +08:00:   '日志记录是否完整且清晰',
2025-06-17 15:13:15 +08:00:   '部署文档是否详细且易于理解',
2025-06-17 15:13:15 +08:00:   '团队协作与沟通是否高效',
2025-06-17 15:13:15 +08:00:   '异常情况的处理是否及时有效',
2025-06-17 15:13:15 +08:00:   '整体测试时间是否在计划范围内'
2025-06-17 15:13:15 +08:00: ]
2025-06-17 15:13:15 +08:00: 开始调用AI生成总结...
2025-06-17 15:13:27 +08:00: AI调用成功，解析结果...
2025-06-17 15:13:27 +08:00: AI总结解析成功
2025-06-17 15:13:27 +08:00: 保存总结到数据库...
2025-06-17 15:13:27 +08:00: 总结已保存到数据库，ID: 68511597580b7c9d16cb64bd, 编号: 1
2025-06-17 15:13:27 +08:00: 访谈记录已更新，添加总结引用
2025-06-17 15:13:56 +08:00: 开始创建访谈，同步生成背景问题...
2025-06-17 15:13:57 +08:00: 背景问题生成成功: 您之前是否有过在新服务器上部署和测试应用的经历？
2025-06-17 15:13:57 +08:00: 访谈创建完成，ID: new ObjectId('685115b5580b7c9d16cb64c5')
2025-06-17 15:14:02 +08:00: 评分指标生成成功: [
2025-06-17 15:14:02 +08:00:   '服务器部署是否顺利完成',
2025-06-17 15:14:02 +08:00:   '测试环境中应用程序是否正常运行',
2025-06-17 15:14:02 +08:00:   '是否能够识别并解决潜在的技术问题',
2025-06-17 15:14:02 +08:00:   '对服务器性能的评估是否全面',
2025-06-17 15:14:02 +08:00:   '部署过程中文档记录是否清晰完整',
2025-06-17 15:14:02 +08:00:   '是否提出有效的优化建议',
2025-06-17 15:14:02 +08:00:   '沟通表达是否清晰准确',
2025-06-17 15:14:02 +08:00:   '解决问题的效率和效果如何'
2025-06-17 15:14:02 +08:00: ]
2025-06-17 15:14:07 +08:00: 检测到回答偏题，提供引导
2025-06-17 15:14:10 +08:00: 开始生成总结，访谈ID: 685115b5580b7c9d16cb64c5
2025-06-17 15:14:10 +08:00: 访谈记录获取成功，主题: 测试标题
2025-06-17 15:14:10 +08:00: 评分指标: [
2025-06-17 15:14:10 +08:00:   '服务器部署是否顺利完成',
2025-06-17 15:14:10 +08:00:   '测试环境中应用程序是否正常运行',
2025-06-17 15:14:10 +08:00:   '是否能够识别并解决潜在的技术问题',
2025-06-17 15:14:10 +08:00:   '对服务器性能的评估是否全面',
2025-06-17 15:14:10 +08:00:   '部署过程中文档记录是否清晰完整',
2025-06-17 15:14:10 +08:00:   '是否提出有效的优化建议',
2025-06-17 15:14:10 +08:00:   '沟通表达是否清晰准确',
2025-06-17 15:14:10 +08:00:   '解决问题的效率和效果如何'
2025-06-17 15:14:10 +08:00: ]
2025-06-17 15:14:10 +08:00: 开始调用AI生成总结...
2025-06-17 15:14:31 +08:00: AI调用成功，解析结果...
2025-06-17 15:14:31 +08:00: AI总结解析成功
2025-06-17 15:14:31 +08:00: 保存总结到数据库...
2025-06-17 15:14:31 +08:00: 总结已保存到数据库，ID: 685115d7580b7c9d16cb64e0, 编号: 2
2025-06-17 15:14:31 +08:00: 访谈记录已更新，添加总结引用
2025-06-17 15:17:06 +08:00: (node:38317) [MONGODB DRIVER] Warning: useNewUrlParser is a deprecated option: useNewUrlParser has no effect since Node.js Driver version 4.0.0 and will be removed in the next major version
2025-06-17 15:17:06 +08:00: (Use `node --trace-warnings ...` to show where the warning was created)
2025-06-17 15:17:06 +08:00: (node:38317) [MONGODB DRIVER] Warning: useUnifiedTopology is a deprecated option: useUnifiedTopology has no effect since Node.js Driver version 4.0.0 and will be removed in the next major version
2025-06-17 15:17:06 +08:00: Server running in production mode
2025-06-17 15:17:06 +08:00: Server URL: http://0.0.0.0:5000
2025-06-17 15:17:06 +08:00: External URL: http://121.41.25.186:5000
2025-06-17 15:17:06 +08:00: MongoDB Connected: localhost
2025-06-17 15:17:13 +08:00: 开始创建访谈，同步生成背景问题...
2025-06-17 15:17:15 +08:00: 背景问题生成成功: 你之前是否有过在新服务器上部署和测试系统运行的经验？
2025-06-17 15:17:15 +08:00: 访谈创建完成，ID: new ObjectId('6851167b90de1eaf3d3ebfdd')
2025-06-17 15:17:20 +08:00: 评分指标生成成功: [
2025-06-17 15:17:20 +08:00:   '对服务器部署流程的熟悉程度',
2025-06-17 15:17:20 +08:00:   '识别和解决常见部署问题的能力',
2025-06-17 15:17:20 +08:00:   '在测试中发现问题的敏锐度',
2025-06-17 15:17:20 +08:00:   '对新服务器环境配置的理解程度',
2025-06-17 15:17:20 +08:00:   '处理突发故障的应变能力',
2025-06-17 15:17:20 +08:00:   '测试用例设计的全面性和有效性',
2025-06-17 15:17:20 +08:00:   '沟通和技术表达的清晰度',
2025-06-17 15:17:20 +08:00:   '团队协作与信息共享的意愿',
2025-06-17 15:17:20 +08:00:   '是否能按时完成测试任务',
2025-06-17 15:17:20 +08:00:   '对潜在风险的预判和规避能力'
2025-06-17 15:17:20 +08:00: ]
2025-06-17 15:17:24 +08:00: 检测到回答偏题，提供引导
2025-06-17 15:17:27 +08:00: 开始生成总结，访谈ID: 6851167b90de1eaf3d3ebfdd
2025-06-17 15:17:27 +08:00: 访谈记录获取成功，主题: 测试标题
2025-06-17 15:17:27 +08:00: 评分指标: [
2025-06-17 15:17:27 +08:00:   '对服务器部署流程的熟悉程度',
2025-06-17 15:17:27 +08:00:   '识别和解决常见部署问题的能力',
2025-06-17 15:17:27 +08:00:   '在测试中发现问题的敏锐度',
2025-06-17 15:17:27 +08:00:   '对新服务器环境配置的理解程度',
2025-06-17 15:17:27 +08:00:   '处理突发故障的应变能力',
2025-06-17 15:17:27 +08:00:   '测试用例设计的全面性和有效性',
2025-06-17 15:17:27 +08:00:   '沟通和技术表达的清晰度',
2025-06-17 15:17:27 +08:00:   '团队协作与信息共享的意愿',
2025-06-17 15:17:27 +08:00:   '是否能按时完成测试任务',
2025-06-17 15:17:27 +08:00:   '对潜在风险的预判和规避能力'
2025-06-17 15:17:27 +08:00: ]
2025-06-17 15:17:27 +08:00: 开始调用AI生成总结...
2025-06-17 15:17:50 +08:00: AI调用成功，解析结果...
2025-06-17 15:17:50 +08:00: AI总结解析成功
2025-06-17 15:17:50 +08:00: 保存总结到数据库...
2025-06-17 15:17:50 +08:00: 总结已保存到数据库，ID: 6851169e90de1eaf3d3ebff8, 编号: 3
2025-06-17 15:17:50 +08:00: 访谈记录已更新，添加总结引用
2025-06-17 15:19:04 +08:00: 删除主题 68511575580b7c9d16cb64a1 相关的 3 个访谈的总结
2025-06-17 15:19:04 +08:00: 删除主题 68511575580b7c9d16cb64a1 的 3 个访谈
2025-06-17 15:19:04 +08:00: 主题 68511575580b7c9d16cb64a1 及其相关数据删除完成
2025-06-17 15:19:40 +08:00: 删除主题 685116f090de1eaf3d3ec009 的 0 个访谈
2025-06-17 15:19:40 +08:00: 主题 685116f090de1eaf3d3ec009 及其相关数据删除完成
2025-06-17 15:21:41 +08:00: (node:38436) [MONGODB DRIVER] Warning: useNewUrlParser is a deprecated option: useNewUrlParser has no effect since Node.js Driver version 4.0.0 and will be removed in the next major version
2025-06-17 15:21:41 +08:00: (Use `node --trace-warnings ...` to show where the warning was created)
2025-06-17 15:21:41 +08:00: (node:38436) [MONGODB DRIVER] Warning: useUnifiedTopology is a deprecated option: useUnifiedTopology has no effect since Node.js Driver version 4.0.0 and will be removed in the next major version
2025-06-17 15:21:41 +08:00: Server running in production mode
2025-06-17 15:21:41 +08:00: Server URL: http://0.0.0.0:5000
2025-06-17 15:21:41 +08:00: External URL: http://121.41.25.186:5000
2025-06-17 15:21:41 +08:00: MongoDB Connected: localhost
2025-06-17 15:22:07 +08:00: 删除主题 6851178f9036fd4e01302bef 的 0 个访谈
2025-06-17 15:22:07 +08:00: 主题 6851178f9036fd4e01302bef 及其相关数据删除完成
2025-06-17 15:24:46 +08:00: (node:38931) [MONGODB DRIVER] Warning: useNewUrlParser is a deprecated option: useNewUrlParser has no effect since Node.js Driver version 4.0.0 and will be removed in the next major version
2025-06-17 15:24:46 +08:00: (Use `node --trace-warnings ...` to show where the warning was created)
2025-06-17 15:24:46 +08:00: (node:38931) [MONGODB DRIVER] Warning: useUnifiedTopology is a deprecated option: useUnifiedTopology has no effect since Node.js Driver version 4.0.0 and will be removed in the next major version
2025-06-17 15:24:46 +08:00: Server running in production mode
2025-06-17 15:24:46 +08:00: Server URL: http://0.0.0.0:5000
2025-06-17 15:24:46 +08:00: External URL: http://121.41.25.186:5000
2025-06-17 15:24:46 +08:00: MongoDB Connected: localhost
2025-06-17 15:25:11 +08:00: 开始创建访谈，同步生成背景问题...
2025-06-17 15:25:12 +08:00: 背景问题生成成功: 您能否分享一下与测试或访谈列表获取功能相关的个人经历或看法？
2025-06-17 15:25:12 +08:00: 访谈创建完成，ID: new ObjectId('6851185886cad6004e48b737')
2025-06-17 15:25:16 +08:00: 评分指标生成成功: [
2025-06-17 15:25:16 +08:00:   '对测试问题的理解程度',
2025-06-17 15:25:16 +08:00:   '回答的准确性和逻辑性',
2025-06-17 15:25:16 +08:00:   '提供信息的完整性和相关性',
2025-06-17 15:25:16 +08:00:   '面对复杂问题时的分析能力',
2025-06-17 15:25:16 +08:00:   '语言表达的清晰度和流畅性',
2025-06-17 15:25:16 +08:00:   '对主题背景知识的掌握程度',
2025-06-17 15:25:16 +08:00:   '解决问题的创新思维或方法',
2025-06-17 15:25:16 +08:00:   '时间管理与回答效率'
2025-06-17 15:25:16 +08:00: ]
2025-06-17 15:25:31 +08:00: 检测到回答偏题，提供引导
2025-06-17 15:25:34 +08:00: 开始生成总结，访谈ID: 6851185886cad6004e48b737
2025-06-17 15:25:34 +08:00: 访谈记录获取成功，主题: API测试主题
2025-06-17 15:25:34 +08:00: 评分指标: [
2025-06-17 15:25:34 +08:00:   '对测试问题的理解程度',
2025-06-17 15:25:34 +08:00:   '回答的准确性和逻辑性',
2025-06-17 15:25:34 +08:00:   '提供信息的完整性和相关性',
2025-06-17 15:25:34 +08:00:   '面对复杂问题时的分析能力',
2025-06-17 15:25:34 +08:00:   '语言表达的清晰度和流畅性',
2025-06-17 15:25:34 +08:00:   '对主题背景知识的掌握程度',
2025-06-17 15:25:34 +08:00:   '解决问题的创新思维或方法',
2025-06-17 15:25:34 +08:00:   '时间管理与回答效率'
2025-06-17 15:25:34 +08:00: ]
2025-06-17 15:25:34 +08:00: 开始调用AI生成总结...
2025-06-17 15:25:49 +08:00: AI调用成功，解析结果...
2025-06-17 15:25:49 +08:00: Failed to parse AI summary JSON: SyntaxError: Unexpected token ] in JSON at position 656
2025-06-17 15:25:49 +08:00:     at JSON.parse (<anonymous>)
2025-06-17 15:25:49 +08:00:     at exports.generateSummary (/root/2/backend/modelService.js:517:29)
2025-06-17 15:25:49 +08:00:     at process.processTicksAndRejections (node:internal/process/task_queues:95:5)
2025-06-17 15:25:49 +08:00:     at async exports.getNextQuestion (/root/2/backend/interviewService.js:171:5)
2025-06-17 15:25:49 +08:00:     at async exports.getNextQuestion (/root/2/backend/interviewController.js:67:20)
2025-06-17 15:25:49 +08:00: Raw result: ```json
2025-06-17 15:25:49 +08:00: {
2025-06-17 15:25:49 +08:00:   "takeaways": "本次访谈主要围绕测试或访谈列表获取功能展开，但受访者提供的回答非常简略且缺乏具体信息。在访谈员试图引导受访者分享与测试相关的真实案例或思考时，受访者仅提供了'123123'这一抽象回应，未展现出对主题的深入理解或实际经验。整体而言，访谈内容较为浅显，缺乏深度和具体细节。",
2025-06-17 15:25:49 +08:00:   "points": [3, 2, 2, 1, 3, 3, 1, 4],
2025-06-17 15:25:49 +08:00:   "explanations": [
2025-06-17 15:25:49 +08:00:     "对测试问题的理解程度：受访者未能明确展示对测试问题的理解，仅给出'123123'这样的随机数字作为回应，表明理解程度较低（3分）。",
2025-06-17 15:25:49 +08:00:     "回答的准确性和逻辑性：由于受访者没有提供具体的答案，无法评估其准确性或逻辑性（2分）。",
2025-06-17 15:25:49 +08:00:     "提供信息的完整性和相关性：受访者提供的信息既不完整也不相关，未能针对问题进行有效回答（2分）。",
2025-06-17 15:25:49 +08:00:     "面对复杂问题时的分析能力：记录中没有体现受访者对复杂问题的分析能力，因此给予最低评分（1分）。",
2025-06-17 15:25:49 +08:00:     "语言表达的清晰度和流畅性：尽管表达简单，但基本能够理解其意图，因此给予一般评分（3分）。",
2025-06-17 15:25:49 +08:00:     "对主题背景知识的掌握程度：受访者未能展示出对API测试或相关主题的背景知识（3分）。",
2025-06-17 15:25:49 +08:00:     "解决问题的创新思维或方法：访谈中没有提及任何创新思维或解决方法（1分）。",
2025-06-17 15:25:49 +08:00:     "时间管理与回答效率：虽然对话简短，但受访者并未高效地利用时间来提供实质性内容，因此给予一般评分（4分）。",
2025-06-17 15:25:49 +08:00:   ]
2025-06-17 15:25:49 +08:00: }
2025-06-17 15:25:49 +08:00: ```
2025-06-17 15:25:49 +08:00: 使用默认中文总结
2025-06-17 15:25:49 +08:00: 保存总结到数据库...
2025-06-17 15:25:49 +08:00: 总结已保存到数据库，ID: 6851187d86cad6004e48b75b, 编号: 1
2025-06-17 15:25:49 +08:00: 访谈记录已更新，添加总结引用
2025-06-17 15:26:20 +08:00: 开始创建访谈，同步生成背景问题...
2025-06-17 15:26:22 +08:00: 背景问题生成成功: 您能否分享一下与测试或访谈相关的个人经历和看法？
2025-06-17 15:26:22 +08:00: 访谈创建完成，ID: new ObjectId('6851189e86cad6004e48b771')
2025-06-17 15:26:27 +08:00: 评分指标生成成功: [
2025-06-17 15:26:27 +08:00:   '对测试问题的理解程度',
2025-06-17 15:26:27 +08:00:   '回答的准确性和逻辑性',
2025-06-17 15:26:27 +08:00:   '提供信息的完整性和相关性',
2025-06-17 15:26:27 +08:00:   '解决问题的思路和方法论',
2025-06-17 15:26:27 +08:00:   '面对复杂问题时的应变能力',
2025-06-17 15:26:27 +08:00:   '沟通表达的清晰度和条理性',
2025-06-17 15:26:27 +08:00:   '对访谈主题的整体把握和专注度',
2025-06-17 15:26:27 +08:00:   '展现出的专业知识水平'
2025-06-17 15:26:27 +08:00: ]
2025-06-17 15:26:40 +08:00: 删除主题 685117e09036fd4e01302bf6 相关的 2 个访谈的总结
2025-06-17 15:26:40 +08:00: 删除主题 685117e09036fd4e01302bf6 的 2 个访谈
2025-06-17 15:26:40 +08:00: 主题 685117e09036fd4e01302bf6 及其相关数据删除完成
2025-06-17 15:45:34 +08:00: (node:40525) [MONGODB DRIVER] Warning: useNewUrlParser is a deprecated option: useNewUrlParser has no effect since Node.js Driver version 4.0.0 and will be removed in the next major version
2025-06-17 15:45:34 +08:00: (Use `node --trace-warnings ...` to show where the warning was created)
2025-06-17 15:45:34 +08:00: (node:40525) [MONGODB DRIVER] Warning: useUnifiedTopology is a deprecated option: useUnifiedTopology has no effect since Node.js Driver version 4.0.0 and will be removed in the next major version
2025-06-17 15:45:34 +08:00: Server running in production mode
2025-06-17 15:45:34 +08:00: Server URL: http://0.0.0.0:5000
2025-06-17 15:45:34 +08:00: External URL: http://121.41.25.186:5000
2025-06-17 15:45:34 +08:00: MongoDB Connected: localhost
2025-06-17 15:46:05 +08:00: 开始创建访谈，AI准备中...
2025-06-17 15:46:11 +08:00: 背景问题生成成功: 你之前是否有过测试重构代码后功能完整性的相关经历？
2025-06-17 15:46:11 +08:00: 评分指标生成成功: [
2025-06-17 15:46:11 +08:00:   '功能完整性：所有功能是否都能正常运行',
2025-06-17 15:46:11 +08:00:   '代码稳定性：重构后是否存在新的错误或异常',
2025-06-17 15:46:11 +08:00:   '性能影响：重构是否对系统性能产生负面影响',
2025-06-17 15:46:11 +08:00:   '可维护性：代码是否更容易理解和维护',
2025-06-17 15:46:11 +08:00:   '测试覆盖率：是否有足够的测试用例覆盖重构后的代码',
2025-06-17 15:46:11 +08:00:   '回归测试：旧功能是否因重构而出现退化或问题',
2025-06-17 15:46:11 +08:00:   '文档更新：相关文档是否同步更新以反映代码变化',
2025-06-17 15:46:11 +08:00:   '团队协作：团队成员是否对重构结果满意并能够顺利使用'
2025-06-17 15:46:11 +08:00: ]
2025-06-17 15:46:11 +08:00: 访谈创建完成，AI已准备就绪，ID: new ObjectId('68511d432dc66ddfc23868bc')
2025-06-17 15:46:23 +08:00: 检测到回答偏题，提供引导
2025-06-17 15:46:41 +08:00: 开始生成总结，访谈ID: 68511d432dc66ddfc23868bc
2025-06-17 15:46:41 +08:00: 访谈记录获取成功，主题: 测试标题
2025-06-17 15:46:41 +08:00: 评分指标: [
2025-06-17 15:46:41 +08:00:   '功能完整性：所有功能是否都能正常运行',
2025-06-17 15:46:41 +08:00:   '代码稳定性：重构后是否存在新的错误或异常',
2025-06-17 15:46:41 +08:00:   '性能影响：重构是否对系统性能产生负面影响',
2025-06-17 15:46:41 +08:00:   '可维护性：代码是否更容易理解和维护',
2025-06-17 15:46:41 +08:00:   '测试覆盖率：是否有足够的测试用例覆盖重构后的代码',
2025-06-17 15:46:41 +08:00:   '回归测试：旧功能是否因重构而出现退化或问题',
2025-06-17 15:46:41 +08:00:   '文档更新：相关文档是否同步更新以反映代码变化',
2025-06-17 15:46:41 +08:00:   '团队协作：团队成员是否对重构结果满意并能够顺利使用'
2025-06-17 15:46:41 +08:00: ]
2025-06-17 15:46:41 +08:00: 开始调用AI生成总结...
2025-06-17 15:46:59 +08:00: AI调用成功，解析结果...
2025-06-17 15:46:59 +08:00: AI总结解析成功
2025-06-17 15:46:59 +08:00: 保存总结到数据库...
2025-06-17 15:46:59 +08:00: 总结已保存到数据库，ID: 68511d732dc66ddfc23868ee, 编号: 1
2025-06-17 15:46:59 +08:00: 访谈记录已更新，添加总结引用
2025-06-17 15:47:10 +08:00: 开始创建访谈，AI准备中...
2025-06-17 15:47:16 +08:00: 背景问题生成成功: 你之前是否有过重构项目的经历，能否分享一下相关的挑战和成果？
2025-06-17 15:47:16 +08:00: 评分指标生成成功: [
2025-06-17 15:47:16 +08:00:   '功能完整性：所有功能是否都能正常运行',
2025-06-17 15:47:16 +08:00:   '错误处理能力：是否能正确处理异常输入或边界情况',
2025-06-17 15:47:16 +08:00:   '性能表现：重构后代码的运行效率是否受到影响',
2025-06-17 15:47:16 +08:00:   '代码可读性：重构后的代码是否更易于理解和维护',
2025-06-17 15:47:16 +08:00:   '测试覆盖范围：是否对所有功能模块进行了充分测试',
2025-06-17 15:47:16 +08:00:   '兼容性：重构后是否保持与原有系统的兼容性',
2025-06-17 15:47:16 +08:00:   '调试难度：解决问题和排查错误的难易程度',
2025-06-17 15:47:16 +08:00:   '用户体验：功能使用过程中是否存在明显中断或问题'
2025-06-17 15:47:16 +08:00: ]
2025-06-17 15:47:16 +08:00: 访谈创建完成，AI已准备就绪，ID: new ObjectId('68511d842dc66ddfc23868fc')
2025-06-17 15:47:33 +08:00: 检测到回答偏题，提供引导
2025-06-17 15:47:35 +08:00: 开始生成总结，访谈ID: 68511d842dc66ddfc23868fc
2025-06-17 15:47:35 +08:00: 访谈记录获取成功，主题: 测试标题
2025-06-17 15:47:35 +08:00: 评分指标: [
2025-06-17 15:47:35 +08:00:   '功能完整性：所有功能是否都能正常运行',
2025-06-17 15:47:35 +08:00:   '错误处理能力：是否能正确处理异常输入或边界情况',
2025-06-17 15:47:35 +08:00:   '性能表现：重构后代码的运行效率是否受到影响',
2025-06-17 15:47:35 +08:00:   '代码可读性：重构后的代码是否更易于理解和维护',
2025-06-17 15:47:35 +08:00:   '测试覆盖范围：是否对所有功能模块进行了充分测试',
2025-06-17 15:47:35 +08:00:   '兼容性：重构后是否保持与原有系统的兼容性',
2025-06-17 15:47:35 +08:00:   '调试难度：解决问题和排查错误的难易程度',
2025-06-17 15:47:35 +08:00:   '用户体验：功能使用过程中是否存在明显中断或问题'
2025-06-17 15:47:35 +08:00: ]
2025-06-17 15:47:35 +08:00: 开始调用AI生成总结...
2025-06-17 15:47:53 +08:00: AI调用成功，解析结果...
2025-06-17 15:47:53 +08:00: AI总结解析成功
2025-06-17 15:47:53 +08:00: 保存总结到数据库...
2025-06-17 15:47:53 +08:00: 总结已保存到数据库，ID: 68511da92dc66ddfc2386914, 编号: 2
2025-06-17 15:47:53 +08:00: 访谈记录已更新，添加总结引用
2025-06-17 15:48:10 +08:00: 删除主题 68511d3a2dc66ddfc23868b7 相关的 2 个访谈的总结
2025-06-17 15:48:10 +08:00: 删除主题 68511d3a2dc66ddfc23868b7 的 2 个访谈
2025-06-17 15:48:10 +08:00: 主题 68511d3a2dc66ddfc23868b7 及其相关数据删除完成
2025-06-18 22:51:13 +08:00: (node:47783) [MONGODB DRIVER] Warning: useNewUrlParser is a deprecated option: useNewUrlParser has no effect since Node.js Driver version 4.0.0 and will be removed in the next major version
2025-06-18 22:51:13 +08:00: (Use `node --trace-warnings ...` to show where the warning was created)
2025-06-18 22:51:13 +08:00: (node:47783) [MONGODB DRIVER] Warning: useUnifiedTopology is a deprecated option: useUnifiedTopology has no effect since Node.js Driver version 4.0.0 and will be removed in the next major version
2025-06-18 22:51:13 +08:00: Server running in production mode
2025-06-18 22:51:13 +08:00: Server URL: http://0.0.0.0:5000
2025-06-18 22:51:13 +08:00: External URL: http://121.41.25.186:5000
2025-06-18 22:51:13 +08:00: MongoDB Connected: localhost
2025-06-18 22:51:53 +08:00: 开始创建访谈，AI准备中...
2025-06-18 22:51:56 +08:00: 背景问题生成成功: 您是否有过使用语音输入功能的经历，感受如何？
2025-06-18 22:51:56 +08:00: 评分指标生成成功: [
2025-06-18 22:51:56 +08:00:   '语音输入清晰度',
2025-06-18 22:51:56 +08:00:   '识别准确性',
2025-06-18 22:51:56 +08:00:   '响应速度',
2025-06-18 22:51:56 +08:00:   '语法和语义理解能力',
2025-06-18 22:51:56 +08:00:   '背景噪音处理效果',
2025-06-18 22:51:56 +08:00:   '多轮对话一致性',
2025-06-18 22:51:56 +08:00:   '特殊词汇或术语识别能力',
2025-06-18 22:51:56 +08:00:   '口音或方言适应性'
2025-06-18 22:51:56 +08:00: ]
2025-06-18 22:51:56 +08:00: 访谈创建完成，AI已准备就绪，ID: new ObjectId('6852d28c1b3b446d5fa779d3')
2025-06-18 22:52:40 +08:00: 开始创建访谈，AI准备中...
2025-06-18 22:52:43 +08:00: 背景问题生成成功: 您是否有过使用语音输入功能的经历，它对您的日常生活或工作带来了哪些影响？
2025-06-18 22:52:43 +08:00: 评分指标生成成功: [
2025-06-18 22:52:43 +08:00:   '语音识别准确率',
2025-06-18 22:52:43 +08:00:   '回答问题的完整性',
2025-06-18 22:52:43 +08:00:   '语义理解能力',
2025-06-18 22:52:43 +08:00:   '语音输入流畅度',
2025-06-18 22:52:43 +08:00:   '噪音环境下的识别效果',
2025-06-18 22:52:43 +08:00:   '多轮对话一致性',
2025-06-18 22:52:43 +08:00:   '特定词汇识别准确性',
2025-06-18 22:52:43 +08:00:   '口音或方言适应性',
2025-06-18 22:52:43 +08:00:   '错误纠正能力',
2025-06-18 22:52:43 +08:00:   '用户指令响应速度'
2025-06-18 22:52:43 +08:00: ]
2025-06-18 22:52:43 +08:00: 访谈创建完成，AI已准备就绪，ID: new ObjectId('6852d2bb1b3b446d5fa779db')
2025-06-18 23:07:00 +08:00: (node:48294) [MONGODB DRIVER] Warning: useNewUrlParser is a deprecated option: useNewUrlParser has no effect since Node.js Driver version 4.0.0 and will be removed in the next major version
2025-06-18 23:07:00 +08:00: (Use `node --trace-warnings ...` to show where the warning was created)
2025-06-18 23:07:00 +08:00: (node:48294) [MONGODB DRIVER] Warning: useUnifiedTopology is a deprecated option: useUnifiedTopology has no effect since Node.js Driver version 4.0.0 and will be removed in the next major version
2025-06-18 23:07:00 +08:00: Server running in production mode
2025-06-18 23:07:00 +08:00: Server URL: http://0.0.0.0:5000
2025-06-18 23:07:00 +08:00: External URL: http://121.41.25.186:5000
2025-06-18 23:07:00 +08:00: MongoDB Connected: localhost
2025-06-18 23:07:06 +08:00: 开始创建访谈，AI准备中...
2025-06-18 23:07:08 +08:00: 背景问题生成成功: 你是否有过使用语音输入功能的经历，它对你来说重要吗？
2025-06-18 23:07:08 +08:00: 评分指标生成成功: [
2025-06-18 23:07:08 +08:00:   '语音识别准确率',
2025-06-18 23:07:08 +08:00:   '回答问题1的完整性',
2025-06-18 23:07:08 +08:00:   '回答问题2的相关性',
2025-06-18 23:07:08 +08:00:   '回答问题3的逻辑性',
2025-06-18 23:07:08 +08:00:   '语音输入流畅度',
2025-06-18 23:07:08 +08:00:   '语义理解正确率',
2025-06-18 23:07:08 +08:00:   '噪音环境下的识别能力',
2025-06-18 23:07:08 +08:00:   '语音断句准确性',
2025-06-18 23:07:08 +08:00:   '多轮对话上下文一致性'
2025-06-18 23:07:08 +08:00: ]
2025-06-18 23:07:08 +08:00: 访谈创建完成，AI已准备就绪，ID: new ObjectId('6852d61cde6d106ebe2a2550')
2025-06-18 23:13:49 +08:00: (node:48766) [MONGODB DRIVER] Warning: useNewUrlParser is a deprecated option: useNewUrlParser has no effect since Node.js Driver version 4.0.0 and will be removed in the next major version
2025-06-18 23:13:49 +08:00: (Use `node --trace-warnings ...` to show where the warning was created)
2025-06-18 23:13:49 +08:00: (node:48766) [MONGODB DRIVER] Warning: useUnifiedTopology is a deprecated option: useUnifiedTopology has no effect since Node.js Driver version 4.0.0 and will be removed in the next major version
2025-06-18 23:13:49 +08:00: Server running in production mode
2025-06-18 23:13:49 +08:00: Server URL: http://0.0.0.0:5000
2025-06-18 23:13:49 +08:00: External URL: http://121.41.25.186:5000
2025-06-18 23:13:49 +08:00: MongoDB Connected: localhost
2025-06-18 23:14:02 +08:00: 开始创建访谈，AI准备中...
2025-06-18 23:14:05 +08:00: 背景问题生成成功: 你是否有过使用语音输入功能的经历，感受如何？
2025-06-18 23:14:05 +08:00: 评分指标生成成功: [
2025-06-18 23:14:05 +08:00:   '语音识别准确率',
2025-06-18 23:14:05 +08:00:   '响应速度',
2025-06-18 23:14:05 +08:00:   '噪音环境下的表现',
2025-06-18 23:14:05 +08:00:   '多轮对话的连贯性',
2025-06-18 23:14:05 +08:00:   '口音和语调的适应能力',
2025-06-18 23:14:05 +08:00:   '关键词识别准确性',
2025-06-18 23:14:05 +08:00:   '断句和标点处理能力',
2025-06-18 23:14:05 +08:00:   '语义理解正确率',
2025-06-18 23:14:05 +08:00:   '用户指令执行成功率',
2025-06-18 23:14:05 +08:00:   '异常情况处理能力'
2025-06-18 23:14:05 +08:00: ]
2025-06-18 23:14:05 +08:00: 访谈创建完成，AI已准备就绪，ID: new ObjectId('6852d7bdb93cd13f48a53c2e')
2025-06-18 23:22:44 +08:00: (node:49524) [MONGODB DRIVER] Warning: useNewUrlParser is a deprecated option: useNewUrlParser has no effect since Node.js Driver version 4.0.0 and will be removed in the next major version
2025-06-18 23:22:44 +08:00: (Use `node --trace-warnings ...` to show where the warning was created)
2025-06-18 23:22:44 +08:00: (node:49524) [MONGODB DRIVER] Warning: useUnifiedTopology is a deprecated option: useUnifiedTopology has no effect since Node.js Driver version 4.0.0 and will be removed in the next major version
2025-06-18 23:22:44 +08:00: Server running in production mode
2025-06-18 23:22:44 +08:00: Server URL: http://0.0.0.0:5000
2025-06-18 23:22:44 +08:00: External URL: http://121.41.25.186:5000
2025-06-18 23:22:44 +08:00: MongoDB Connected: localhost
2025-06-18 23:22:48 +08:00: 开始创建访谈，AI准备中...
2025-06-18 23:22:51 +08:00: 背景问题生成成功: 您是否有使用语音输入功能的经历，它对您的日常生活或工作带来了哪些影响？
2025-06-18 23:22:51 +08:00: 评分指标生成成功: [
2025-06-18 23:22:51 +08:00:   '语音识别准确性',
2025-06-18 23:22:51 +08:00:   '语音输入流畅性',
2025-06-18 23:22:51 +08:00:   '噪音环境下的识别能力',
2025-06-18 23:22:51 +08:00:   '多轮对话的上下文理解',
2025-06-18 23:22:51 +08:00:   '关键词识别正确率',
2025-06-18 23:22:51 +08:00:   '语速适应能力',
2025-06-18 23:22:51 +08:00:   '方言或口音识别能力',
2025-06-18 23:22:51 +08:00:   '标点符号自动添加准确性',
2025-06-18 23:22:51 +08:00:   '长句识别完整性',
2025-06-18 23:22:51 +08:00:   '错误纠正效率'
2025-06-18 23:22:51 +08:00: ]
2025-06-18 23:22:51 +08:00: 访谈创建完成，AI已准备就绪，ID: new ObjectId('6852d9cb7deffd051c703025')
2025-06-18 23:28:55 +08:00: (node:50034) [MONGODB DRIVER] Warning: useNewUrlParser is a deprecated option: useNewUrlParser has no effect since Node.js Driver version 4.0.0 and will be removed in the next major version
2025-06-18 23:28:55 +08:00: (Use `node --trace-warnings ...` to show where the warning was created)
2025-06-18 23:28:55 +08:00: (node:50034) [MONGODB DRIVER] Warning: useUnifiedTopology is a deprecated option: useUnifiedTopology has no effect since Node.js Driver version 4.0.0 and will be removed in the next major version
2025-06-18 23:28:55 +08:00: Server running in production mode
2025-06-18 23:28:55 +08:00: Server URL: http://0.0.0.0:5000
2025-06-18 23:28:55 +08:00: External URL: http://121.41.25.186:5000
2025-06-18 23:28:55 +08:00: MongoDB Connected: localhost
2025-06-18 23:29:00 +08:00: 开始创建访谈，AI准备中...
2025-06-18 23:29:02 +08:00: 背景问题生成成功: 您是否有使用语音输入功能的经历，或者对语音识别技术有什么特别的看法？
2025-06-18 23:29:02 +08:00: 评分指标生成成功: [
2025-06-18 23:29:02 +08:00:   '语音输入的准确性',
2025-06-18 23:29:02 +08:00:   '语音识别的速度',
2025-06-18 23:29:02 +08:00:   '对不同语速的支持程度',
2025-06-18 23:29:02 +08:00:   '对背景噪音的抗干扰能力',
2025-06-18 23:29:02 +08:00:   '语音转文字的流畅性',
2025-06-18 23:29:02 +08:00:   '对口音或方言的兼容性',
2025-06-18 23:29:02 +08:00:   '长句识别的完整性',
2025-06-18 23:29:02 +08:00:   '关键词识别的正确率'
2025-06-18 23:29:02 +08:00: ]
2025-06-18 23:29:02 +08:00: 访谈创建完成，AI已准备就绪，ID: new ObjectId('6852db3e0d931e3811c72ecd')
2025-06-18 23:39:25 +08:00: (node:50497) [MONGODB DRIVER] Warning: useNewUrlParser is a deprecated option: useNewUrlParser has no effect since Node.js Driver version 4.0.0 and will be removed in the next major version
2025-06-18 23:39:25 +08:00: (Use `node --trace-warnings ...` to show where the warning was created)
2025-06-18 23:39:25 +08:00: (node:50497) [MONGODB DRIVER] Warning: useUnifiedTopology is a deprecated option: useUnifiedTopology has no effect since Node.js Driver version 4.0.0 and will be removed in the next major version
2025-06-18 23:39:25 +08:00: Server running in production mode
2025-06-18 23:39:25 +08:00: Server URL: http://0.0.0.0:5000
2025-06-18 23:39:25 +08:00: External URL: http://121.41.25.186:5000
2025-06-18 23:39:25 +08:00: MongoDB Connected: localhost
2025-06-18 23:39:30 +08:00: 开始创建访谈，AI准备中...
2025-06-18 23:39:35 +08:00: 背景问题生成成功: 您是否有过使用语音输入功能的经历，它对您的日常生活或工作带来了哪些影响？
2025-06-18 23:39:35 +08:00: 评分指标生成成功: [
2025-06-18 23:39:35 +08:00:   '语音输入的准确性',
2025-06-18 23:39:35 +08:00:   '识别速度的快慢',
2025-06-18 23:39:35 +08:00:   '对不同口音的支持程度',
2025-06-18 23:39:35 +08:00:   '噪音环境下的识别能力',
2025-06-18 23:39:35 +08:00:   '长句和短句的识别差异',
2025-06-18 23:39:35 +08:00:   '标点符号的自动识别率',
2025-06-18 23:39:35 +08:00:   '多人同时语音输入时的表现',
2025-06-18 23:39:35 +08:00:   '错误纠正功能的便捷性'
2025-06-18 23:39:35 +08:00: ]
2025-06-18 23:39:35 +08:00: 访谈创建完成，AI已准备就绪，ID: new ObjectId('6852ddb7826906b91ff24398')
2025-06-18 23:44:58 +08:00: Error: ENOENT: no such file or directory, stat '/root/2/frontend/dist/index.html'
2025-06-18 23:44:58 +08:00: Error: ENOENT: no such file or directory, stat '/root/2/frontend/dist/index.html'
2025-06-18 23:45:58 +08:00: (node:50959) [MONGODB DRIVER] Warning: useNewUrlParser is a deprecated option: useNewUrlParser has no effect since Node.js Driver version 4.0.0 and will be removed in the next major version
2025-06-18 23:45:58 +08:00: (Use `node --trace-warnings ...` to show where the warning was created)
2025-06-18 23:45:58 +08:00: (node:50959) [MONGODB DRIVER] Warning: useUnifiedTopology is a deprecated option: useUnifiedTopology has no effect since Node.js Driver version 4.0.0 and will be removed in the next major version
2025-06-18 23:45:58 +08:00: Server running in production mode
2025-06-18 23:45:58 +08:00: Server URL: http://0.0.0.0:5000
2025-06-18 23:45:58 +08:00: External URL: http://121.41.25.186:5000
2025-06-18 23:45:58 +08:00: MongoDB Connected: localhost
2025-06-18 23:46:02 +08:00: 开始创建访谈，AI准备中...
2025-06-18 23:46:05 +08:00: 背景问题生成成功: 你之前是否有过使用语音输入功能的经历，觉得它的识别效果如何？
2025-06-18 23:46:05 +08:00: 评分指标生成成功: [
2025-06-18 23:46:05 +08:00:   '语音识别准确率',
2025-06-18 23:46:05 +08:00:   '问题回答完整性',
2025-06-18 23:46:05 +08:00:   '语义理解能力',
2025-06-18 23:46:05 +08:00:   '语音输入流畅度',
2025-06-18 23:46:05 +08:00:   '噪音环境下的识别效果',
2025-06-18 23:46:05 +08:00:   '多轮对话一致性',
2025-06-18 23:46:05 +08:00:   '特定词汇识别准确性',
2025-06-18 23:46:05 +08:00:   '口音及方言适应性',
2025-06-18 23:46:05 +08:00:   '响应速度'
2025-06-18 23:46:05 +08:00: ]
2025-06-18 23:46:05 +08:00: 访谈创建完成，AI已准备就绪，ID: new ObjectId('6852df3de0e02b72d5201164')
2025-06-18 23:51:08 +08:00: (node:51147) [MONGODB DRIVER] Warning: useNewUrlParser is a deprecated option: useNewUrlParser has no effect since Node.js Driver version 4.0.0 and will be removed in the next major version
2025-06-18 23:51:08 +08:00: (Use `node --trace-warnings ...` to show where the warning was created)
2025-06-18 23:51:08 +08:00: (node:51147) [MONGODB DRIVER] Warning: useUnifiedTopology is a deprecated option: useUnifiedTopology has no effect since Node.js Driver version 4.0.0 and will be removed in the next major version
2025-06-18 23:51:08 +08:00: Server running in production mode
2025-06-18 23:51:08 +08:00: Server URL: http://0.0.0.0:5000
2025-06-18 23:51:08 +08:00: External URL: http://121.41.25.186:5000
2025-06-18 23:51:08 +08:00: MongoDB Connected: localhost
2025-06-18 23:51:12 +08:00: 开始创建访谈，AI准备中...
2025-06-18 23:51:15 +08:00: 背景问题生成成功: 你是否有过使用语音输入功能的经历，感受如何？
2025-06-18 23:51:15 +08:00: 评分指标生成成功: [
2025-06-18 23:51:15 +08:00:   '语音识别准确性',
2025-06-18 23:51:15 +08:00:   '语音输入流畅性',
2025-06-18 23:51:15 +08:00:   '噪音环境下的识别能力',
2025-06-18 23:51:15 +08:00:   '多轮对话的上下文理解',
2025-06-18 23:51:15 +08:00:   '对口音或方言的适应性',
2025-06-18 23:51:15 +08:00:   '响应速度与实时性',
2025-06-18 23:51:15 +08:00:   '错误纠正能力',
2025-06-18 23:51:15 +08:00:   '关键词识别精确度',
2025-06-18 23:51:15 +08:00:   '用户指令的理解与执行',
2025-06-18 23:51:15 +08:00:   '长时间语音输入的稳定性'
2025-06-18 23:51:15 +08:00: ]
2025-06-18 23:51:15 +08:00: 访谈创建完成，AI已准备就绪，ID: new ObjectId('6852e073c80e80a2633328b6')
2025-06-18 23:55:44 +08:00: (node:51285) [MONGODB DRIVER] Warning: useNewUrlParser is a deprecated option: useNewUrlParser has no effect since Node.js Driver version 4.0.0 and will be removed in the next major version
2025-06-18 23:55:44 +08:00: (Use `node --trace-warnings ...` to show where the warning was created)
2025-06-18 23:55:44 +08:00: (node:51285) [MONGODB DRIVER] Warning: useUnifiedTopology is a deprecated option: useUnifiedTopology has no effect since Node.js Driver version 4.0.0 and will be removed in the next major version
2025-06-18 23:55:44 +08:00: Server running in production mode
2025-06-18 23:55:44 +08:00: Server URL: http://0.0.0.0:5000
2025-06-18 23:55:44 +08:00: External URL: http://121.41.25.186:5000
2025-06-18 23:55:44 +08:00: MongoDB Connected: localhost
2025-06-18 23:55:47 +08:00: 开始创建访谈，AI准备中...
2025-06-18 23:55:51 +08:00: 背景问题生成成功: 您是否有过使用语音输入功能的经历，感受如何？
2025-06-18 23:55:51 +08:00: 评分指标生成成功: [
2025-06-18 23:55:51 +08:00:   '语音输入的准确性',
2025-06-18 23:55:51 +08:00:   '识别速度的快慢',
2025-06-18 23:55:51 +08:00:   '对不同口音的支持程度',
2025-06-18 23:55:51 +08:00:   '噪音环境下的识别能力',
2025-06-18 23:55:51 +08:00:   '长句或复杂语句的识别效果',
2025-06-18 23:55:51 +08:00:   '断句和标点符号的正确性',
2025-06-18 23:55:51 +08:00:   '多轮对话的上下文理解能力',
2025-06-18 23:55:51 +08:00:   '错误纠正功能的有效性'
2025-06-18 23:55:51 +08:00: ]
2025-06-18 23:55:51 +08:00: 访谈创建完成，AI已准备就绪，ID: new ObjectId('6852e18714748ebef09a6e43')
2025-06-18 23:56:30 +08:00: 检测到回答偏题，提供引导
2025-06-18 23:56:35 +08:00: 开始创建访谈，AI准备中...
2025-06-18 23:56:37 +08:00: 背景问题生成成功: 您是否有使用语音输入功能的经历，或者对语音识别技术有什么看法？
2025-06-18 23:56:37 +08:00: 评分指标生成成功: [
2025-06-18 23:56:37 +08:00:   '语音识别准确率',
2025-06-18 23:56:37 +08:00:   '问题回答完整性',
2025-06-18 23:56:37 +08:00:   '语义理解能力',
2025-06-18 23:56:37 +08:00:   '语音输入流畅度',
2025-06-18 23:56:37 +08:00:   '噪音环境下的识别效果',
2025-06-18 23:56:37 +08:00:   '多轮对话一致性',
2025-06-18 23:56:37 +08:00:   '特定词汇识别正确率',
2025-06-18 23:56:37 +08:00:   '口音适应性',
2025-06-18 23:56:37 +08:00:   '响应速度',
2025-06-18 23:56:37 +08:00:   '错误修正能力'
2025-06-18 23:56:37 +08:00: ]
2025-06-18 23:56:37 +08:00: 访谈创建完成，AI已准备就绪，ID: new ObjectId('6852e1b514748ebef09a6e51')
2025-06-19 00:03:51 +08:00: (node:51583) [MONGODB DRIVER] Warning: useNewUrlParser is a deprecated option: useNewUrlParser has no effect since Node.js Driver version 4.0.0 and will be removed in the next major version
2025-06-19 00:03:51 +08:00: (Use `node --trace-warnings ...` to show where the warning was created)
2025-06-19 00:03:51 +08:00: (node:51583) [MONGODB DRIVER] Warning: useUnifiedTopology is a deprecated option: useUnifiedTopology has no effect since Node.js Driver version 4.0.0 and will be removed in the next major version
2025-06-19 00:03:51 +08:00: Server running in production mode
2025-06-19 00:03:51 +08:00: Server URL: http://0.0.0.0:5000
2025-06-19 00:03:51 +08:00: External URL: http://121.41.25.186:5000
2025-06-19 00:03:51 +08:00: MongoDB Connected: localhost
2025-06-19 00:03:56 +08:00: 开始创建访谈，AI准备中...
2025-06-19 00:03:59 +08:00: 背景问题生成成功: 你是否有过使用语音输入功能的经历，感受如何？
2025-06-19 00:03:59 +08:00: 评分指标生成成功: [
2025-06-19 00:03:59 +08:00:   '语音识别准确率',
2025-06-19 00:03:59 +08:00:   '回答问题1的完整性',
2025-06-19 00:03:59 +08:00:   '回答问题2的相关性',
2025-06-19 00:03:59 +08:00:   '回答问题3的逻辑性',
2025-06-19 00:03:59 +08:00:   '语音输入流畅度',
2025-06-19 00:03:59 +08:00:   '语义理解正确率',
2025-06-19 00:03:59 +08:00:   '背景噪音影响程度',
2025-06-19 00:03:59 +08:00:   '语音停顿次数',
2025-06-19 00:03:59 +08:00:   '发音清晰度',
2025-06-19 00:03:59 +08:00:   '关键词命中率'
2025-06-19 00:03:59 +08:00: ]
2025-06-19 00:03:59 +08:00: 访谈创建完成，AI已准备就绪，ID: new ObjectId('6852e36fed96d0dc42a94511')
2025-06-19 00:19:56 +08:00: 开始创建访谈，AI准备中...
2025-06-19 00:20:02 +08:00: 背景问题生成成功: 你之前是否有过使用语音输入功能的经历，感受如何？
2025-06-19 00:20:02 +08:00: 评分指标生成成功: [
2025-06-19 00:20:02 +08:00:   '语音输入的准确性',
2025-06-19 00:20:02 +08:00:   '识别速度的快慢',
2025-06-19 00:20:02 +08:00:   '对不同口音的适应能力',
2025-06-19 00:20:02 +08:00:   '噪音环境下的识别效果',
2025-06-19 00:20:02 +08:00:   '长句和复杂语义的处理能力',
2025-06-19 00:20:02 +08:00:   '断句和标点符号的自动添加准确性',
2025-06-19 00:20:02 +08:00:   '多轮对话中的上下文理解能力',
2025-06-19 00:20:02 +08:00:   '错误反馈与修正功能的易用性'
2025-06-19 00:20:02 +08:00: ]
2025-06-19 00:20:02 +08:00: 访谈创建完成，AI已准备就绪，ID: new ObjectId('6852e732ed96d0dc42a94519')
2025-06-19 11:00:39 +08:00: 开始创建访谈，AI准备中...
2025-06-19 11:00:44 +08:00: 背景问题生成成功: 你之前是否有过使用语音输入功能的经历，觉得它的识别效果如何？
2025-06-19 11:00:44 +08:00: 评分指标生成成功: [
2025-06-19 11:00:44 +08:00:   '语音输入的准确性',
2025-06-19 11:00:44 +08:00:   '识别速度的快慢程度',
2025-06-19 11:00:44 +08:00:   '对不同口音的支持能力',
2025-06-19 11:00:44 +08:00:   '背景噪音下的识别效果',
2025-06-19 11:00:44 +08:00:   '长句或复杂语句的识别能力',
2025-06-19 11:00:44 +08:00:   '错误纠正功能的便利性',
2025-06-19 11:00:44 +08:00:   '系统反馈的及时性',
2025-06-19 11:00:44 +08:00:   '特殊词汇（如专业术语）的识别率'
2025-06-19 11:00:44 +08:00: ]
2025-06-19 11:00:44 +08:00: 访谈创建完成，AI已准备就绪，ID: new ObjectId('68537d5ced96d0dc42a94521')
2025-06-19 11:10:20 +08:00: 开始创建访谈，AI准备中...
2025-06-19 11:10:28 +08:00: 背景问题生成成功: 你之前是否有过使用语音输入功能的经历，感觉如何？
2025-06-19 11:10:28 +08:00: 评分指标生成成功: [
2025-06-19 11:10:28 +08:00:   '语音输入的准确性',
2025-06-19 11:10:28 +08:00:   '识别速度的快慢',
2025-06-19 11:10:28 +08:00:   '对不同口音的支持程度',
2025-06-19 11:10:28 +08:00:   '噪音环境下的识别能力',
2025-06-19 11:10:28 +08:00:   '长句和短句的识别效果差异',
2025-06-19 11:10:28 +08:00:   '特殊词汇（如专业术语）的识别率',
2025-06-19 11:10:28 +08:00:   '连续语音输入的流畅性',
2025-06-19 11:10:28 +08:00:   '错误纠正功能的效率'
2025-06-19 11:10:28 +08:00: ]
2025-06-19 11:10:28 +08:00: 访谈创建完成，AI已准备就绪，ID: new ObjectId('68537fa4ed96d0dc42a9452d')
2025-06-19 14:29:22 +08:00: (node:58245) [MONGODB DRIVER] Warning: useNewUrlParser is a deprecated option: useNewUrlParser has no effect since Node.js Driver version 4.0.0 and will be removed in the next major version
2025-06-19 14:29:22 +08:00: (Use `node --trace-warnings ...` to show where the warning was created)
2025-06-19 14:29:22 +08:00: (node:58245) [MONGODB DRIVER] Warning: useUnifiedTopology is a deprecated option: useUnifiedTopology has no effect since Node.js Driver version 4.0.0 and will be removed in the next major version
2025-06-19 14:29:22 +08:00: Server running in production mode
2025-06-19 14:29:22 +08:00: Server URL: http://localhost:5001
2025-06-19 14:29:22 +08:00: External URL: http://121.41.25.186:5001
2025-06-19 14:29:22 +08:00: MongoDB Connected: localhost
2025-06-19 14:31:32 +08:00: 开始创建访谈，AI准备中...
2025-06-19 14:31:37 +08:00: 背景问题生成成功: 你是否有过使用语音输入功能的经历，它对你来说有哪些优缺点？
2025-06-19 14:31:37 +08:00: 评分指标生成成功: [
2025-06-19 14:31:37 +08:00:   '语音识别准确性',
2025-06-19 14:31:37 +08:00:   '语音输入流畅性',
2025-06-19 14:31:37 +08:00:   '噪音环境下的识别能力',
2025-06-19 14:31:37 +08:00:   '多轮对话的上下文理解',
2025-06-19 14:31:37 +08:00:   '关键词识别正确率',
2025-06-19 14:31:37 +08:00:   '语速适应能力',
2025-06-19 14:31:37 +08:00:   '口音和方言的兼容性',
2025-06-19 14:31:37 +08:00:   '错误纠正能力',
2025-06-19 14:31:37 +08:00:   '系统响应速度',
2025-06-19 14:31:37 +08:00:   '用户指令的理解度'
2025-06-19 14:31:37 +08:00: ]
2025-06-19 14:31:37 +08:00: 访谈创建完成，AI已准备就绪，ID: new ObjectId('6853aec99e2057a70dc07502')
2025-06-19 14:32:00 +08:00: 检测到回答偏题，提供引导
2025-06-19 14:51:02 +08:00: (node:60343) [MONGODB DRIVER] Warning: useNewUrlParser is a deprecated option: useNewUrlParser has no effect since Node.js Driver version 4.0.0 and will be removed in the next major version
2025-06-19 14:51:02 +08:00: (Use `node --trace-warnings ...` to show where the warning was created)
2025-06-19 14:51:02 +08:00: (node:60343) [MONGODB DRIVER] Warning: useUnifiedTopology is a deprecated option: useUnifiedTopology has no effect since Node.js Driver version 4.0.0 and will be removed in the next major version
2025-06-19 14:51:02 +08:00: Server running in production mode
2025-06-19 14:51:02 +08:00: Server URL: http://localhost:5001
2025-06-19 14:51:02 +08:00: External URL: http://121.41.25.186:5001
2025-06-19 14:51:02 +08:00: MongoDB Connected: localhost
2025-06-19 14:52:12 +08:00: (node:60780) [MONGODB DRIVER] Warning: useNewUrlParser is a deprecated option: useNewUrlParser has no effect since Node.js Driver version 4.0.0 and will be removed in the next major version
2025-06-19 14:52:12 +08:00: (Use `node --trace-warnings ...` to show where the warning was created)
2025-06-19 14:52:12 +08:00: (node:60780) [MONGODB DRIVER] Warning: useUnifiedTopology is a deprecated option: useUnifiedTopology has no effect since Node.js Driver version 4.0.0 and will be removed in the next major version
2025-06-19 14:52:12 +08:00: Server running in production mode
2025-06-19 14:52:12 +08:00: Server URL: http://localhost:5001
2025-06-19 14:52:12 +08:00: External URL: http://121.41.25.186:5001
2025-06-19 14:52:12 +08:00: MongoDB Connected: localhost
2025-06-19 15:48:05 +08:00: (node:67306) [MONGODB DRIVER] Warning: useNewUrlParser is a deprecated option: useNewUrlParser has no effect since Node.js Driver version 4.0.0 and will be removed in the next major version
2025-06-19 15:48:05 +08:00: (Use `node --trace-warnings ...` to show where the warning was created)
2025-06-19 15:48:05 +08:00: (node:67306) [MONGODB DRIVER] Warning: useUnifiedTopology is a deprecated option: useUnifiedTopology has no effect since Node.js Driver version 4.0.0 and will be removed in the next major version
2025-06-19 15:48:05 +08:00: Server running in production mode
2025-06-19 15:48:05 +08:00: Server URL: http://localhost:5001
2025-06-19 15:48:05 +08:00: External URL: http://121.41.25.186:5001
2025-06-19 15:48:05 +08:00: MongoDB Connected: localhost
2025-06-19 15:48:09 +08:00: 开始创建访谈，AI准备中...
2025-06-19 15:48:12 +08:00: 背景问题生成成功: 你之前是否有过使用语音输入功能的经历，感觉如何？
2025-06-19 15:48:12 +08:00: 评分指标生成成功: [
2025-06-19 15:48:12 +08:00:   '语音输入的准确性',
2025-06-19 15:48:12 +08:00:   '识别速度的快慢',
2025-06-19 15:48:12 +08:00:   '对不同口音的支持程度',
2025-06-19 15:48:12 +08:00:   '噪音环境下的识别能力',
2025-06-19 15:48:12 +08:00:   '长句和短句识别的差异',
2025-06-19 15:48:12 +08:00:   '特殊词汇（如专业术语）的识别率',
2025-06-19 15:48:12 +08:00:   '多轮对话的连续识别稳定性',
2025-06-19 15:48:12 +08:00:   '错误纠正功能的效率'
2025-06-19 15:48:12 +08:00: ]
2025-06-19 15:48:12 +08:00: 访谈创建完成，AI已准备就绪，ID: new ObjectId('6853c0bcf26e9b7a51500a49')
2025-06-19 17:40:27 +08:00: (node:69815) [MONGODB DRIVER] Warning: useNewUrlParser is a deprecated option: useNewUrlParser has no effect since Node.js Driver version 4.0.0 and will be removed in the next major version
2025-06-19 17:40:27 +08:00: (Use `node --trace-warnings ...` to show where the warning was created)
2025-06-19 17:40:27 +08:00: (node:69815) [MONGODB DRIVER] Warning: useUnifiedTopology is a deprecated option: useUnifiedTopology has no effect since Node.js Driver version 4.0.0 and will be removed in the next major version
2025-06-19 17:40:27 +08:00: Server running in production mode
2025-06-19 17:40:27 +08:00: Server URL: http://localhost:5001
2025-06-19 17:40:27 +08:00: External URL: http://121.41.25.186:5001
2025-06-19 17:40:27 +08:00: MongoDB Connected: localhost
2025-06-19 17:40:31 +08:00: 开始创建访谈，AI准备中...
2025-06-19 17:40:36 +08:00: 背景问题生成成功: 你之前是否有过使用语音输入功能的经历，觉得它的识别效果如何？
2025-06-19 17:40:36 +08:00: 评分指标生成成功: [
2025-06-19 17:40:36 +08:00:   '语音输入清晰度',
2025-06-19 17:40:36 +08:00:   '语音识别准确率',
2025-06-19 17:40:36 +08:00:   '响应速度',
2025-06-19 17:40:36 +08:00:   '语法和语义理解能力',
2025-06-19 17:40:36 +08:00:   '噪音环境下的识别效果',
2025-06-19 17:40:36 +08:00:   '多轮对话连贯性',
2025-06-19 17:40:36 +08:00:   '特殊词汇或术语的识别能力',
2025-06-19 17:40:36 +08:00:   '用户指令执行正确率'
2025-06-19 17:40:36 +08:00: ]
2025-06-19 17:40:36 +08:00: 访谈创建完成，AI已准备就绪，ID: new ObjectId('6853db1479ad6da629ed7542')
2025-06-19 17:41:21 +08:00: 开始创建访谈，AI准备中...
2025-06-19 17:41:26 +08:00: 背景问题生成成功: 您是否有使用语音输入功能的经历，它对您的日常生活或工作带来了哪些影响？
2025-06-19 17:41:26 +08:00: 评分指标生成成功: [
2025-06-19 17:41:26 +08:00:   '语音输入的准确性',
2025-06-19 17:41:26 +08:00:   '识别速度的快慢',
2025-06-19 17:41:26 +08:00:   '对不同口音的适应能力',
2025-06-19 17:41:26 +08:00:   '噪音环境下的识别效果',
2025-06-19 17:41:26 +08:00:   '长句与短句识别的一致性',
2025-06-19 17:41:26 +08:00:   '特殊词汇（如专业术语）的识别率',
2025-06-19 17:41:26 +08:00:   '多轮对话中的连续识别稳定性',
2025-06-19 17:41:26 +08:00:   '错误纠正功能的实用性'
2025-06-19 17:41:26 +08:00: ]
2025-06-19 17:41:26 +08:00: 访谈创建完成，AI已准备就绪，ID: new ObjectId('6853db4679ad6da629ed754a')
2025-06-19 17:41:50 +08:00: 开始创建访谈，AI准备中...
2025-06-19 17:41:55 +08:00: 背景问题生成成功: 你之前是否有过使用语音输入功能的经历，感觉它的识别效果如何？
2025-06-19 17:41:55 +08:00: 评分指标生成成功: [
2025-06-19 17:41:55 +08:00:   '语音输入的准确性',
2025-06-19 17:41:55 +08:00:   '识别速度的快慢',
2025-06-19 17:41:55 +08:00:   '对不同口音的支持程度',
2025-06-19 17:41:55 +08:00:   '噪音环境下的识别能力',
2025-06-19 17:41:55 +08:00:   '长句和复杂语义的识别率',
2025-06-19 17:41:55 +08:00:   '断句和标点符号的处理能力',
2025-06-19 17:41:55 +08:00:   '多轮对话的上下文理解能力',
2025-06-19 17:41:55 +08:00:   '错误纠正功能的有效性'
2025-06-19 17:41:55 +08:00: ]
2025-06-19 17:41:55 +08:00: 访谈创建完成，AI已准备就绪，ID: new ObjectId('6853db6379ad6da629ed7552')
2025-06-19 18:31:46 +08:00: (node:70976) [MONGODB DRIVER] Warning: useNewUrlParser is a deprecated option: useNewUrlParser has no effect since Node.js Driver version 4.0.0 and will be removed in the next major version
2025-06-19 18:31:46 +08:00: (Use `node --trace-warnings ...` to show where the warning was created)
2025-06-19 18:31:46 +08:00: (node:70976) [MONGODB DRIVER] Warning: useUnifiedTopology is a deprecated option: useUnifiedTopology has no effect since Node.js Driver version 4.0.0 and will be removed in the next major version
2025-06-19 18:31:46 +08:00: Server running in production mode
2025-06-19 18:31:46 +08:00: Server URL: http://localhost:5001
2025-06-19 18:31:46 +08:00: External URL: http://121.41.25.186:5001
2025-06-19 18:31:46 +08:00: MongoDB Connected: localhost
2025-06-19 18:33:02 +08:00: 开始创建访谈，AI准备中...
2025-06-19 18:33:08 +08:00: 背景问题生成成功: 你之前是否有过使用语音输入功能的经历，觉得它的识别效果如何？
2025-06-19 18:33:09 +08:00: 评分指标生成成功: [
2025-06-19 18:33:09 +08:00:   '语音输入的准确性',
2025-06-19 18:33:09 +08:00:   '识别速度的快慢',
2025-06-19 18:33:09 +08:00:   '对不同口音的支持程度',
2025-06-19 18:33:09 +08:00:   '对背景噪音的过滤能力',
2025-06-19 18:33:09 +08:00:   '连续语音输入的稳定性',
2025-06-19 18:33:09 +08:00:   '特殊词汇（如专业术语）的识别率',
2025-06-19 18:33:09 +08:00:   '断句和标点符号的自动处理能力',
2025-06-19 18:33:09 +08:00:   '用户界面反馈的清晰度',
2025-06-19 18:33:09 +08:00:   '长时间使用时的性能表现'
2025-06-19 18:33:09 +08:00: ]
2025-06-19 18:33:09 +08:00: 访谈创建完成，AI已准备就绪，ID: new ObjectId('6853e765fd0033c6800ac0bd')
2025-06-19 18:34:21 +08:00: 开始创建访谈，AI准备中...
2025-06-19 18:34:28 +08:00: 背景问题生成成功: 你之前是否有过使用语音输入功能的经历，感觉如何？
2025-06-19 18:34:28 +08:00: 评分指标生成成功: [
2025-06-19 18:34:28 +08:00:   '语音输入的准确性',
2025-06-19 18:34:28 +08:00:   '识别速度的快慢',
2025-06-19 18:34:28 +08:00:   '对不同口音的支持程度',
2025-06-19 18:34:28 +08:00:   '噪音环境下的识别能力',
2025-06-19 18:34:28 +08:00:   '长句和复杂语义的处理能力',
2025-06-19 18:34:28 +08:00:   '标点符号的自动识别与添加',
2025-06-19 18:34:28 +08:00:   '多轮对话的上下文理解能力',
2025-06-19 18:34:28 +08:00:   '错误纠正功能的有效性'
2025-06-19 18:34:28 +08:00: ]
2025-06-19 18:34:28 +08:00: 访谈创建完成，AI已准备就绪，ID: new ObjectId('6853e7b4fd0033c6800ac0c4')
2025-06-19 18:34:45 +08:00: 开始创建访谈，AI准备中...
2025-06-19 18:34:47 +08:00: 背景问题生成成功: 您是否有过使用语音输入功能的经历，它对您的日常生活或工作带来了哪些影响？
2025-06-19 18:34:47 +08:00: 评分指标生成成功: [
2025-06-19 18:34:47 +08:00:   '语音识别准确率',
2025-06-19 18:34:47 +08:00:   '回答问题的流畅度',
2025-06-19 18:34:47 +08:00:   '语速适中程度',
2025-06-19 18:34:47 +08:00:   '语音清晰度',
2025-06-19 18:34:47 +08:00:   '背景噪音影响程度',
2025-06-19 18:34:47 +08:00:   '语音功能响应速度',
2025-06-19 18:34:47 +08:00:   '对问题理解的正确性',
2025-06-19 18:34:47 +08:00:   '多轮对话的上下文保持能力',
2025-06-19 18:34:47 +08:00:   '特殊词汇或术语的识别准确性'
2025-06-19 18:34:47 +08:00: ]
2025-06-19 18:34:47 +08:00: 访谈创建完成，AI已准备就绪，ID: new ObjectId('6853e7c7fd0033c6800ac0cd')
2025-06-19 18:44:22 +08:00: (node:72001) [MONGODB DRIVER] Warning: useNewUrlParser is a deprecated option: useNewUrlParser has no effect since Node.js Driver version 4.0.0 and will be removed in the next major version
2025-06-19 18:44:22 +08:00: (Use `node --trace-warnings ...` to show where the warning was created)
2025-06-19 18:44:22 +08:00: (node:72001) [MONGODB DRIVER] Warning: useUnifiedTopology is a deprecated option: useUnifiedTopology has no effect since Node.js Driver version 4.0.0 and will be removed in the next major version
2025-06-19 18:44:22 +08:00: Server running in production mode
2025-06-19 18:44:22 +08:00: Server URL: http://localhost:5001
2025-06-19 18:44:22 +08:00: External URL: http://121.41.25.186:5001
2025-06-19 18:44:22 +08:00: MongoDB Connected: localhost
2025-06-19 18:44:29 +08:00: 开始创建访谈，AI准备中...
2025-06-19 18:44:32 +08:00: 背景问题生成成功: 你之前是否有过使用语音输入功能的经历，感觉如何？
2025-06-19 18:44:32 +08:00: 评分指标生成成功: [
2025-06-19 18:44:32 +08:00:   '语音识别准确率',
2025-06-19 18:44:32 +08:00:   '回答问题的流畅性',
2025-06-19 18:44:32 +08:00:   '语音输入的稳定性',
2025-06-19 18:44:32 +08:00:   '噪音环境下的识别能力',
2025-06-19 18:44:32 +08:00:   '语速对识别效果的影响',
2025-06-19 18:44:32 +08:00:   '方言或口音对识别的影响',
2025-06-19 18:44:32 +08:00:   '关键词识别的正确性',
2025-06-19 18:44:32 +08:00:   '多轮对话的上下文理解能力',
2025-06-19 18:44:32 +08:00:   '语音转文字的实时性'
2025-06-19 18:44:32 +08:00: ]
2025-06-19 18:44:32 +08:00: 访谈创建完成，AI已准备就绪，ID: new ObjectId('6853ea102c6b9666fbf74661')
2025-06-19 18:51:24 +08:00: (node:72500) [MONGODB DRIVER] Warning: useNewUrlParser is a deprecated option: useNewUrlParser has no effect since Node.js Driver version 4.0.0 and will be removed in the next major version
2025-06-19 18:51:24 +08:00: (Use `node --trace-warnings ...` to show where the warning was created)
2025-06-19 18:51:24 +08:00: (node:72500) [MONGODB DRIVER] Warning: useUnifiedTopology is a deprecated option: useUnifiedTopology has no effect since Node.js Driver version 4.0.0 and will be removed in the next major version
2025-06-19 18:51:24 +08:00: Server running in production mode
2025-06-19 18:51:24 +08:00: Server URL: http://localhost:5001
2025-06-19 18:51:24 +08:00: External URL: http://121.41.25.186:5001
2025-06-19 18:51:24 +08:00: MongoDB Connected: localhost
2025-06-19 18:51:30 +08:00: 开始创建访谈，AI准备中...
2025-06-19 18:51:33 +08:00: 背景问题生成成功: 你之前是否有过使用语音输入功能的经历，感受如何？
2025-06-19 18:51:33 +08:00: 评分指标生成成功: [
2025-06-19 18:51:33 +08:00:   '语音识别准确率',
2025-06-19 18:51:33 +08:00:   '回答问题1的完整性',
2025-06-19 18:51:33 +08:00:   '回答问题2的逻辑性',
2025-06-19 18:51:33 +08:00:   '回答问题3的流畅性',
2025-06-19 18:51:33 +08:00:   '语音输入的稳定性',
2025-06-19 18:51:33 +08:00:   '语速适应能力',
2025-06-19 18:51:33 +08:00:   '口音识别能力',
2025-06-19 18:51:33 +08:00:   '噪音环境下的识别效果',
2025-06-19 18:51:33 +08:00:   '系统响应速度',
2025-06-19 18:51:33 +08:00:   '用户交互体验'
2025-06-19 18:51:33 +08:00: ]
2025-06-19 18:51:33 +08:00: 访谈创建完成，AI已准备就绪，ID: new ObjectId('6853ebb5eb7d5a7455a6a775')
2025-06-19 18:55:23 +08:00: (node:72981) [MONGODB DRIVER] Warning: useNewUrlParser is a deprecated option: useNewUrlParser has no effect since Node.js Driver version 4.0.0 and will be removed in the next major version
2025-06-19 18:55:23 +08:00: (Use `node --trace-warnings ...` to show where the warning was created)
2025-06-19 18:55:23 +08:00: (node:72981) [MONGODB DRIVER] Warning: useUnifiedTopology is a deprecated option: useUnifiedTopology has no effect since Node.js Driver version 4.0.0 and will be removed in the next major version
2025-06-19 18:55:23 +08:00: Server running in production mode
2025-06-19 18:55:23 +08:00: Server URL: http://localhost:5001
2025-06-19 18:55:23 +08:00: External URL: http://121.41.25.186:5001
2025-06-19 18:55:23 +08:00: MongoDB Connected: localhost
2025-06-19 18:55:34 +08:00: 开始创建访谈，AI准备中...
2025-06-19 18:55:38 +08:00: 背景问题生成成功: 您是否有使用语音输入功能的经历，或者对语音识别技术有什么看法？
2025-06-19 18:55:38 +08:00: 评分指标生成成功: [
2025-06-19 18:55:38 +08:00:   '语音输入的准确性',
2025-06-19 18:55:38 +08:00:   '识别速度的快慢',
2025-06-19 18:55:38 +08:00:   '对不同语速的支持程度',
2025-06-19 18:55:38 +08:00:   '对背景噪音的过滤能力',
2025-06-19 18:55:38 +08:00:   '语法和语义理解的正确性',
2025-06-19 18:55:38 +08:00:   '长句识别的完整性',
2025-06-19 18:55:38 +08:00:   '多音字识别的准确性',
2025-06-19 18:55:38 +08:00:   '用户交互体验的流畅度'
2025-06-19 18:55:38 +08:00: ]
2025-06-19 18:55:38 +08:00: 访谈创建完成，AI已准备就绪，ID: new ObjectId('6853ecaa7c707e0b85cace0b')
2025-06-19 18:58:31 +08:00: (node:73387) [MONGODB DRIVER] Warning: useNewUrlParser is a deprecated option: useNewUrlParser has no effect since Node.js Driver version 4.0.0 and will be removed in the next major version
2025-06-19 18:58:31 +08:00: (Use `node --trace-warnings ...` to show where the warning was created)
2025-06-19 18:58:31 +08:00: (node:73387) [MONGODB DRIVER] Warning: useUnifiedTopology is a deprecated option: useUnifiedTopology has no effect since Node.js Driver version 4.0.0 and will be removed in the next major version
2025-06-19 18:58:31 +08:00: Server running in production mode
2025-06-19 18:58:31 +08:00: Server URL: http://localhost:5001
2025-06-19 18:58:31 +08:00: External URL: http://121.41.25.186:5001
2025-06-19 18:58:31 +08:00: MongoDB Connected: localhost
2025-06-19 18:58:36 +08:00: 开始创建访谈，AI准备中...
2025-06-19 18:58:40 +08:00: 背景问题生成成功: 您是否有过使用语音输入功能的经历，能否分享一下相关的体验或看法？
2025-06-19 18:58:40 +08:00: 评分指标生成成功: [
2025-06-19 18:58:40 +08:00:   '语音识别准确率',
2025-06-19 18:58:40 +08:00:   '回答问题的流畅性',
2025-06-19 18:58:40 +08:00:   '语音输入的稳定性',
2025-06-19 18:58:40 +08:00:   '噪音环境下的识别能力',
2025-06-19 18:58:40 +08:00:   '不同语速下的适应性',
2025-06-19 18:58:40 +08:00:   '口音或方言的兼容性',
2025-06-19 18:58:40 +08:00:   '关键词识别的敏感度',
2025-06-19 18:58:40 +08:00:   '长时间语音输入的表现',
2025-06-19 18:58:40 +08:00:   '用户界面反馈的及时性'
2025-06-19 18:58:40 +08:00: ]
2025-06-19 18:58:40 +08:00: 访谈创建完成，AI已准备就绪，ID: new ObjectId('6853ed6088d6bf851e6428e0')
2025-06-19 18:59:00 +08:00: 检测到回答偏题，提供引导
2025-06-19 18:59:03 +08:00: 开始生成总结，访谈ID: 6853ed6088d6bf851e6428e0
2025-06-19 18:59:03 +08:00: 访谈记录获取成功，主题: 测试语音访谈
2025-06-19 18:59:03 +08:00: 评分指标: [
2025-06-19 18:59:03 +08:00:   '语音识别准确率',
2025-06-19 18:59:03 +08:00:   '回答问题的流畅性',
2025-06-19 18:59:03 +08:00:   '语音输入的稳定性',
2025-06-19 18:59:03 +08:00:   '噪音环境下的识别能力',
2025-06-19 18:59:03 +08:00:   '不同语速下的适应性',
2025-06-19 18:59:03 +08:00:   '口音或方言的兼容性',
2025-06-19 18:59:03 +08:00:   '关键词识别的敏感度',
2025-06-19 18:59:03 +08:00:   '长时间语音输入的表现',
2025-06-19 18:59:03 +08:00:   '用户界面反馈的及时性'
2025-06-19 18:59:03 +08:00: ]
2025-06-19 18:59:03 +08:00: 开始调用AI生成总结...
2025-06-19 18:59:24 +08:00: AI调用成功，解析结果...
2025-06-19 18:59:24 +08:00: AI总结解析成功
2025-06-19 18:59:24 +08:00: 保存总结到数据库...
2025-06-19 18:59:24 +08:00: 总结已保存到数据库，ID: 6853ed8c88d6bf851e6428f8, 编号: 1
2025-06-19 18:59:24 +08:00: 访谈记录已更新，添加总结引用
