2025-06-16 18:37:55 +08:00: (node:17836) [MONGODB DRIVER] Warning: useNewUrlParser is a deprecated option: useNewUrlParser has no effect since Node.js Driver version 4.0.0 and will be removed in the next major version
2025-06-16 18:37:55 +08:00: (Use `node --trace-warnings ...` to show where the warning was created)
2025-06-16 18:37:55 +08:00: (node:17836) [MONGODB DRIVER] Warning: useUnifiedTopology is a deprecated option: useUnifiedTopology has no effect since Node.js Driver version 4.0.0 and will be removed in the next major version
2025-06-16 18:41:25 +08:00: (node:18426) [MONGODB DRIVER] Warning: useNewUrlParser is a deprecated option: useNewUrlParser has no effect since Node.js Driver version 4.0.0 and will be removed in the next major version
2025-06-16 18:41:25 +08:00: (Use `node --trace-warnings ...` to show where the warning was created)
2025-06-16 18:41:25 +08:00: (node:18426) [MONGODB DRIVER] Warning: useUnifiedTopology is a deprecated option: useUnifiedTopology has no effect since Node.js Driver version 4.0.0 and will be removed in the next major version
2025-06-17 15:10:07 +08:00: (node:38111) [MONGODB DRIVER] Warning: useNewUrlParser is a deprecated option: useNewUrlParser has no effect since Node.js Driver version 4.0.0 and will be removed in the next major version
2025-06-17 15:10:07 +08:00: (Use `node --trace-warnings ...` to show where the warning was created)
2025-06-17 15:10:07 +08:00: (node:38111) [MONGODB DRIVER] Warning: useUnifiedTopology is a deprecated option: useUnifiedTopology has no effect since Node.js Driver version 4.0.0 and will be removed in the next major version
2025-06-17 15:11:07 +08:00: (node:38201) [MONGODB DRIVER] Warning: useNewUrlParser is a deprecated option: useNewUrlParser has no effect since Node.js Driver version 4.0.0 and will be removed in the next major version
2025-06-17 15:11:07 +08:00: (Use `node --trace-warnings ...` to show where the warning was created)
2025-06-17 15:11:07 +08:00: (node:38201) [MONGODB DRIVER] Warning: useUnifiedTopology is a deprecated option: useUnifiedTopology has no effect since Node.js Driver version 4.0.0 and will be removed in the next major version
2025-06-17 15:17:06 +08:00: (node:38317) [MONGODB DRIVER] Warning: useNewUrlParser is a deprecated option: useNewUrlParser has no effect since Node.js Driver version 4.0.0 and will be removed in the next major version
2025-06-17 15:17:06 +08:00: (Use `node --trace-warnings ...` to show where the warning was created)
2025-06-17 15:17:06 +08:00: (node:38317) [MONGODB DRIVER] Warning: useUnifiedTopology is a deprecated option: useUnifiedTopology has no effect since Node.js Driver version 4.0.0 and will be removed in the next major version
2025-06-17 15:21:41 +08:00: (node:38436) [MONGODB DRIVER] Warning: useNewUrlParser is a deprecated option: useNewUrlParser has no effect since Node.js Driver version 4.0.0 and will be removed in the next major version
2025-06-17 15:21:41 +08:00: (Use `node --trace-warnings ...` to show where the warning was created)
2025-06-17 15:21:41 +08:00: (node:38436) [MONGODB DRIVER] Warning: useUnifiedTopology is a deprecated option: useUnifiedTopology has no effect since Node.js Driver version 4.0.0 and will be removed in the next major version
2025-06-17 15:24:46 +08:00: (node:38931) [MONGODB DRIVER] Warning: useNewUrlParser is a deprecated option: useNewUrlParser has no effect since Node.js Driver version 4.0.0 and will be removed in the next major version
2025-06-17 15:24:46 +08:00: (Use `node --trace-warnings ...` to show where the warning was created)
2025-06-17 15:24:46 +08:00: (node:38931) [MONGODB DRIVER] Warning: useUnifiedTopology is a deprecated option: useUnifiedTopology has no effect since Node.js Driver version 4.0.0 and will be removed in the next major version
2025-06-17 15:25:49 +08:00: Failed to parse AI summary JSON: SyntaxError: Unexpected token ] in JSON at position 656
2025-06-17 15:25:49 +08:00:     at JSON.parse (<anonymous>)
2025-06-17 15:25:49 +08:00:     at exports.generateSummary (/root/2/backend/modelService.js:517:29)
2025-06-17 15:25:49 +08:00:     at process.processTicksAndRejections (node:internal/process/task_queues:95:5)
2025-06-17 15:25:49 +08:00:     at async exports.getNextQuestion (/root/2/backend/interviewService.js:171:5)
2025-06-17 15:25:49 +08:00:     at async exports.getNextQuestion (/root/2/backend/interviewController.js:67:20)
2025-06-17 15:25:49 +08:00: Raw result: ```json
2025-06-17 15:25:49 +08:00: {
2025-06-17 15:25:49 +08:00:   "takeaways": "本次访谈主要围绕测试或访谈列表获取功能展开，但受访者提供的回答非常简略且缺乏具体信息。在访谈员试图引导受访者分享与测试相关的真实案例或思考时，受访者仅提供了'123123'这一抽象回应，未展现出对主题的深入理解或实际经验。整体而言，访谈内容较为浅显，缺乏深度和具体细节。",
2025-06-17 15:25:49 +08:00:   "points": [3, 2, 2, 1, 3, 3, 1, 4],
2025-06-17 15:25:49 +08:00:   "explanations": [
2025-06-17 15:25:49 +08:00:     "对测试问题的理解程度：受访者未能明确展示对测试问题的理解，仅给出'123123'这样的随机数字作为回应，表明理解程度较低（3分）。",
2025-06-17 15:25:49 +08:00:     "回答的准确性和逻辑性：由于受访者没有提供具体的答案，无法评估其准确性或逻辑性（2分）。",
2025-06-17 15:25:49 +08:00:     "提供信息的完整性和相关性：受访者提供的信息既不完整也不相关，未能针对问题进行有效回答（2分）。",
2025-06-17 15:25:49 +08:00:     "面对复杂问题时的分析能力：记录中没有体现受访者对复杂问题的分析能力，因此给予最低评分（1分）。",
2025-06-17 15:25:49 +08:00:     "语言表达的清晰度和流畅性：尽管表达简单，但基本能够理解其意图，因此给予一般评分（3分）。",
2025-06-17 15:25:49 +08:00:     "对主题背景知识的掌握程度：受访者未能展示出对API测试或相关主题的背景知识（3分）。",
2025-06-17 15:25:49 +08:00:     "解决问题的创新思维或方法：访谈中没有提及任何创新思维或解决方法（1分）。",
2025-06-17 15:25:49 +08:00:     "时间管理与回答效率：虽然对话简短，但受访者并未高效地利用时间来提供实质性内容，因此给予一般评分（4分）。",
2025-06-17 15:25:49 +08:00:   ]
2025-06-17 15:25:49 +08:00: }
2025-06-17 15:25:49 +08:00: ```
2025-06-17 15:45:34 +08:00: (node:40525) [MONGODB DRIVER] Warning: useNewUrlParser is a deprecated option: useNewUrlParser has no effect since Node.js Driver version 4.0.0 and will be removed in the next major version
2025-06-17 15:45:34 +08:00: (Use `node --trace-warnings ...` to show where the warning was created)
2025-06-17 15:45:34 +08:00: (node:40525) [MONGODB DRIVER] Warning: useUnifiedTopology is a deprecated option: useUnifiedTopology has no effect since Node.js Driver version 4.0.0 and will be removed in the next major version
2025-06-18 22:51:13 +08:00: (node:47783) [MONGODB DRIVER] Warning: useNewUrlParser is a deprecated option: useNewUrlParser has no effect since Node.js Driver version 4.0.0 and will be removed in the next major version
2025-06-18 22:51:13 +08:00: (Use `node --trace-warnings ...` to show where the warning was created)
2025-06-18 22:51:13 +08:00: (node:47783) [MONGODB DRIVER] Warning: useUnifiedTopology is a deprecated option: useUnifiedTopology has no effect since Node.js Driver version 4.0.0 and will be removed in the next major version
2025-06-18 23:07:00 +08:00: (node:48294) [MONGODB DRIVER] Warning: useNewUrlParser is a deprecated option: useNewUrlParser has no effect since Node.js Driver version 4.0.0 and will be removed in the next major version
2025-06-18 23:07:00 +08:00: (Use `node --trace-warnings ...` to show where the warning was created)
2025-06-18 23:07:00 +08:00: (node:48294) [MONGODB DRIVER] Warning: useUnifiedTopology is a deprecated option: useUnifiedTopology has no effect since Node.js Driver version 4.0.0 and will be removed in the next major version
2025-06-18 23:13:49 +08:00: (node:48766) [MONGODB DRIVER] Warning: useNewUrlParser is a deprecated option: useNewUrlParser has no effect since Node.js Driver version 4.0.0 and will be removed in the next major version
2025-06-18 23:13:49 +08:00: (Use `node --trace-warnings ...` to show where the warning was created)
2025-06-18 23:13:49 +08:00: (node:48766) [MONGODB DRIVER] Warning: useUnifiedTopology is a deprecated option: useUnifiedTopology has no effect since Node.js Driver version 4.0.0 and will be removed in the next major version
2025-06-18 23:22:44 +08:00: (node:49524) [MONGODB DRIVER] Warning: useNewUrlParser is a deprecated option: useNewUrlParser has no effect since Node.js Driver version 4.0.0 and will be removed in the next major version
2025-06-18 23:22:44 +08:00: (Use `node --trace-warnings ...` to show where the warning was created)
2025-06-18 23:22:44 +08:00: (node:49524) [MONGODB DRIVER] Warning: useUnifiedTopology is a deprecated option: useUnifiedTopology has no effect since Node.js Driver version 4.0.0 and will be removed in the next major version
2025-06-18 23:28:55 +08:00: (node:50034) [MONGODB DRIVER] Warning: useNewUrlParser is a deprecated option: useNewUrlParser has no effect since Node.js Driver version 4.0.0 and will be removed in the next major version
2025-06-18 23:28:55 +08:00: (Use `node --trace-warnings ...` to show where the warning was created)
2025-06-18 23:28:55 +08:00: (node:50034) [MONGODB DRIVER] Warning: useUnifiedTopology is a deprecated option: useUnifiedTopology has no effect since Node.js Driver version 4.0.0 and will be removed in the next major version
2025-06-18 23:39:25 +08:00: (node:50497) [MONGODB DRIVER] Warning: useNewUrlParser is a deprecated option: useNewUrlParser has no effect since Node.js Driver version 4.0.0 and will be removed in the next major version
2025-06-18 23:39:25 +08:00: (Use `node --trace-warnings ...` to show where the warning was created)
2025-06-18 23:39:25 +08:00: (node:50497) [MONGODB DRIVER] Warning: useUnifiedTopology is a deprecated option: useUnifiedTopology has no effect since Node.js Driver version 4.0.0 and will be removed in the next major version
2025-06-18 23:44:58 +08:00: Error: ENOENT: no such file or directory, stat '/root/2/frontend/dist/index.html'
2025-06-18 23:44:58 +08:00: Error: ENOENT: no such file or directory, stat '/root/2/frontend/dist/index.html'
2025-06-18 23:45:58 +08:00: (node:50959) [MONGODB DRIVER] Warning: useNewUrlParser is a deprecated option: useNewUrlParser has no effect since Node.js Driver version 4.0.0 and will be removed in the next major version
2025-06-18 23:45:58 +08:00: (Use `node --trace-warnings ...` to show where the warning was created)
2025-06-18 23:45:58 +08:00: (node:50959) [MONGODB DRIVER] Warning: useUnifiedTopology is a deprecated option: useUnifiedTopology has no effect since Node.js Driver version 4.0.0 and will be removed in the next major version
2025-06-18 23:51:08 +08:00: (node:51147) [MONGODB DRIVER] Warning: useNewUrlParser is a deprecated option: useNewUrlParser has no effect since Node.js Driver version 4.0.0 and will be removed in the next major version
2025-06-18 23:51:08 +08:00: (Use `node --trace-warnings ...` to show where the warning was created)
2025-06-18 23:51:08 +08:00: (node:51147) [MONGODB DRIVER] Warning: useUnifiedTopology is a deprecated option: useUnifiedTopology has no effect since Node.js Driver version 4.0.0 and will be removed in the next major version
2025-06-18 23:55:44 +08:00: (node:51285) [MONGODB DRIVER] Warning: useNewUrlParser is a deprecated option: useNewUrlParser has no effect since Node.js Driver version 4.0.0 and will be removed in the next major version
2025-06-18 23:55:44 +08:00: (Use `node --trace-warnings ...` to show where the warning was created)
2025-06-18 23:55:44 +08:00: (node:51285) [MONGODB DRIVER] Warning: useUnifiedTopology is a deprecated option: useUnifiedTopology has no effect since Node.js Driver version 4.0.0 and will be removed in the next major version
2025-06-19 00:03:51 +08:00: (node:51583) [MONGODB DRIVER] Warning: useNewUrlParser is a deprecated option: useNewUrlParser has no effect since Node.js Driver version 4.0.0 and will be removed in the next major version
2025-06-19 00:03:51 +08:00: (Use `node --trace-warnings ...` to show where the warning was created)
2025-06-19 00:03:51 +08:00: (node:51583) [MONGODB DRIVER] Warning: useUnifiedTopology is a deprecated option: useUnifiedTopology has no effect since Node.js Driver version 4.0.0 and will be removed in the next major version
2025-06-19 14:29:22 +08:00: (node:58245) [MONGODB DRIVER] Warning: useNewUrlParser is a deprecated option: useNewUrlParser has no effect since Node.js Driver version 4.0.0 and will be removed in the next major version
2025-06-19 14:29:22 +08:00: (Use `node --trace-warnings ...` to show where the warning was created)
2025-06-19 14:29:22 +08:00: (node:58245) [MONGODB DRIVER] Warning: useUnifiedTopology is a deprecated option: useUnifiedTopology has no effect since Node.js Driver version 4.0.0 and will be removed in the next major version
2025-06-19 14:51:02 +08:00: (node:60343) [MONGODB DRIVER] Warning: useNewUrlParser is a deprecated option: useNewUrlParser has no effect since Node.js Driver version 4.0.0 and will be removed in the next major version
2025-06-19 14:51:02 +08:00: (Use `node --trace-warnings ...` to show where the warning was created)
2025-06-19 14:51:02 +08:00: (node:60343) [MONGODB DRIVER] Warning: useUnifiedTopology is a deprecated option: useUnifiedTopology has no effect since Node.js Driver version 4.0.0 and will be removed in the next major version
2025-06-19 14:52:12 +08:00: (node:60780) [MONGODB DRIVER] Warning: useNewUrlParser is a deprecated option: useNewUrlParser has no effect since Node.js Driver version 4.0.0 and will be removed in the next major version
2025-06-19 14:52:12 +08:00: (Use `node --trace-warnings ...` to show where the warning was created)
2025-06-19 14:52:12 +08:00: (node:60780) [MONGODB DRIVER] Warning: useUnifiedTopology is a deprecated option: useUnifiedTopology has no effect since Node.js Driver version 4.0.0 and will be removed in the next major version
2025-06-19 15:48:05 +08:00: (node:67306) [MONGODB DRIVER] Warning: useNewUrlParser is a deprecated option: useNewUrlParser has no effect since Node.js Driver version 4.0.0 and will be removed in the next major version
2025-06-19 15:48:05 +08:00: (Use `node --trace-warnings ...` to show where the warning was created)
2025-06-19 15:48:05 +08:00: (node:67306) [MONGODB DRIVER] Warning: useUnifiedTopology is a deprecated option: useUnifiedTopology has no effect since Node.js Driver version 4.0.0 and will be removed in the next major version
2025-06-19 17:40:27 +08:00: (node:69815) [MONGODB DRIVER] Warning: useNewUrlParser is a deprecated option: useNewUrlParser has no effect since Node.js Driver version 4.0.0 and will be removed in the next major version
2025-06-19 17:40:27 +08:00: (Use `node --trace-warnings ...` to show where the warning was created)
2025-06-19 17:40:27 +08:00: (node:69815) [MONGODB DRIVER] Warning: useUnifiedTopology is a deprecated option: useUnifiedTopology has no effect since Node.js Driver version 4.0.0 and will be removed in the next major version
2025-06-19 18:31:46 +08:00: (node:70976) [MONGODB DRIVER] Warning: useNewUrlParser is a deprecated option: useNewUrlParser has no effect since Node.js Driver version 4.0.0 and will be removed in the next major version
2025-06-19 18:31:46 +08:00: (Use `node --trace-warnings ...` to show where the warning was created)
2025-06-19 18:31:46 +08:00: (node:70976) [MONGODB DRIVER] Warning: useUnifiedTopology is a deprecated option: useUnifiedTopology has no effect since Node.js Driver version 4.0.0 and will be removed in the next major version
2025-06-19 18:44:22 +08:00: (node:72001) [MONGODB DRIVER] Warning: useNewUrlParser is a deprecated option: useNewUrlParser has no effect since Node.js Driver version 4.0.0 and will be removed in the next major version
2025-06-19 18:44:22 +08:00: (Use `node --trace-warnings ...` to show where the warning was created)
2025-06-19 18:44:22 +08:00: (node:72001) [MONGODB DRIVER] Warning: useUnifiedTopology is a deprecated option: useUnifiedTopology has no effect since Node.js Driver version 4.0.0 and will be removed in the next major version
2025-06-19 18:51:24 +08:00: (node:72500) [MONGODB DRIVER] Warning: useNewUrlParser is a deprecated option: useNewUrlParser has no effect since Node.js Driver version 4.0.0 and will be removed in the next major version
2025-06-19 18:51:24 +08:00: (Use `node --trace-warnings ...` to show where the warning was created)
2025-06-19 18:51:24 +08:00: (node:72500) [MONGODB DRIVER] Warning: useUnifiedTopology is a deprecated option: useUnifiedTopology has no effect since Node.js Driver version 4.0.0 and will be removed in the next major version
2025-06-19 18:55:23 +08:00: (node:72981) [MONGODB DRIVER] Warning: useNewUrlParser is a deprecated option: useNewUrlParser has no effect since Node.js Driver version 4.0.0 and will be removed in the next major version
2025-06-19 18:55:23 +08:00: (Use `node --trace-warnings ...` to show where the warning was created)
2025-06-19 18:55:23 +08:00: (node:72981) [MONGODB DRIVER] Warning: useUnifiedTopology is a deprecated option: useUnifiedTopology has no effect since Node.js Driver version 4.0.0 and will be removed in the next major version
2025-06-19 18:58:31 +08:00: (node:73387) [MONGODB DRIVER] Warning: useNewUrlParser is a deprecated option: useNewUrlParser has no effect since Node.js Driver version 4.0.0 and will be removed in the next major version
2025-06-19 18:58:31 +08:00: (Use `node --trace-warnings ...` to show where the warning was created)
2025-06-19 18:58:31 +08:00: (node:73387) [MONGODB DRIVER] Warning: useUnifiedTopology is a deprecated option: useUnifiedTopology has no effect since Node.js Driver version 4.0.0 and will be removed in the next major version
